<?xml version="1.0" encoding="UTF-8"?>
<testng-results ignored="0" total="2" passed="1" failed="1" skipped="0">
  <reporter-output>
  </reporter-output>
  <suite started-at="2024-02-02T10:46:10 IST" name="Default suite" finished-at="2024-02-02T10:47:04 IST" duration-ms="54739">
    <groups>
    </groups>
    <test started-at="2024-02-02T10:46:10 IST" name="Default test" finished-at="2024-02-02T10:47:04 IST" duration-ms="54739">
      <class name="com.autoEx.qa.TestCases.LoginPageTest">
        <test-method is-config="true" signature="StartUp()[pri:0, instance:com.autoEx.qa.TestCases.LoginPageTest@3f4faf53]" started-at="2024-02-02T10:46:10 IST" name="StartUp" finished-at="2024-02-02T10:46:41 IST" duration-ms="31338" status="PASS">
          <reporter-output>
          </reporter-output>
        </test-method> <!-- StartUp -->
        <test-method signature="loginTest()[pri:1, instance:com.autoEx.qa.TestCases.LoginPageTest@3f4faf53]" started-at="2024-02-02T10:46:41 IST" name="loginTest" finished-at="2024-02-02T10:46:57 IST" duration-ms="15840" status="PASS">
          <reporter-output>
          </reporter-output>
        </test-method> <!-- loginTest -->
        <test-method signature="visibledLoginAsUserNameTest()[pri:2, instance:com.autoEx.qa.TestCases.LoginPageTest@3f4faf53]" started-at="2024-02-02T10:46:57 IST" name="visibledLoginAsUserNameTest" finished-at="2024-02-02T10:46:57 IST" duration-ms="263" status="FAIL">
          <exception class="java.lang.AssertionError">
            <message>
              <![CDATA[Not visibled  expected [ExpStr] but found [Logged in as Praju Lokhane]]]>
            </message>
            <full-stacktrace>
              <![CDATA[java.lang.AssertionError: Not visibled  expected [ExpStr] but found [Logged in as Praju Lokhane]
at org.testng.Assert.fail(Assert.java:111)
at org.testng.Assert.failNotEquals(Assert.java:1578)
at org.testng.Assert.assertEqualsImpl(Assert.java:150)
at org.testng.Assert.assertEquals(Assert.java:132)
at org.testng.Assert.assertEquals(Assert.java:656)
at com.autoEx.qa.TestCases.LoginPageTest.visibledLoginAsUserNameTest(LoginPageTest.java:46)
at java.base/jdk.internal.reflect.NativeMethodAccessorImpl.invoke0(Native Method)
at java.base/jdk.internal.reflect.NativeMethodAccessorImpl.invoke(NativeMethodAccessorImpl.java:62)
at java.base/jdk.internal.reflect.DelegatingMethodAccessorImpl.invoke(DelegatingMethodAccessorImpl.java:43)
at java.base/java.lang.reflect.Method.invoke(Method.java:566)
at org.testng.internal.invokers.MethodInvocationHelper.invokeMethod(MethodInvocationHelper.java:139)
at org.testng.internal.invokers.TestInvoker.invokeMethod(TestInvoker.java:664)
at org.testng.internal.invokers.TestInvoker.invokeTestMethod(TestInvoker.java:227)
at org.testng.internal.invokers.MethodRunner.runInSequence(MethodRunner.java:50)
at org.testng.internal.invokers.TestInvoker$MethodInvocationAgent.invoke(TestInvoker.java:957)
at org.testng.internal.invokers.TestInvoker.invokeTestMethods(TestInvoker.java:200)
at org.testng.internal.invokers.TestMethodWorker.invokeTestMethods(TestMethodWorker.java:148)
at org.testng.internal.invokers.TestMethodWorker.run(TestMethodWorker.java:128)
at java.base/java.util.ArrayList.forEach(ArrayList.java:1541)
at org.testng.TestRunner.privateRun(TestRunner.java:848)
at org.testng.TestRunner.run(TestRunner.java:621)
at org.testng.SuiteRunner.runTest(SuiteRunner.java:443)
at org.testng.SuiteRunner.runSequentially(SuiteRunner.java:437)
at org.testng.SuiteRunner.privateRun(SuiteRunner.java:397)
at org.testng.SuiteRunner.run(SuiteRunner.java:336)
at org.testng.SuiteRunnerWorker.runSuite(SuiteRunnerWorker.java:52)
at org.testng.SuiteRunnerWorker.run(SuiteRunnerWorker.java:95)
at org.testng.TestNG.runSuitesSequentially(TestNG.java:1280)
at org.testng.TestNG.runSuitesLocally(TestNG.java:1200)
at org.testng.TestNG.runSuites(TestNG.java:1114)
at org.testng.TestNG.run(TestNG.java:1082)
at org.testng.remote.AbstractRemoteTestNG.run(AbstractRemoteTestNG.java:115)
at org.testng.remote.RemoteTestNG.initAndRun(RemoteTestNG.java:251)
at org.testng.remote.RemoteTestNG.main(RemoteTestNG.java:77)
]]>
            </full-stacktrace>
          </exception> <!-- java.lang.AssertionError -->
          <reporter-output>
          </reporter-output>
        </test-method> <!-- visibledLoginAsUserNameTest -->
        <test-method is-config="true" signature="tearDoun1()[pri:0, instance:com.autoEx.qa.TestCases.LoginPageTest@3f4faf53]" started-at="2024-02-02T10:46:58 IST" name="tearDoun1" finished-at="2024-02-02T10:47:04 IST" duration-ms="6747" status="PASS">
          <reporter-output>
          </reporter-output>
        </test-method> <!-- tearDoun1 -->
      </class> <!-- com.autoEx.qa.TestCases.LoginPageTest -->
    </test> <!-- Default test -->
  </suite> <!-- Default suite -->
</testng-results>
